{
  "RSpec": {
    "coverage": {
      "/home/tmagent17/Rails_Projects/MyFacultyPages/app/controllers/awards_controller.rb": [
        1,
        1,
        1,
        null,
        1,
        2,
        2,
        null,
        null,
        1,
        2,
        null,
        null,
        1,
        5,
        5,
        null,
        5,
        2,
        2,
        null,
        3,
        3,
        null,
        null,
        null,
        1,
        4,
        2,
        2,
        null,
        2,
        2,
        null,
        null,
        null,
        1,
        2,
        2,
        2,
        null,
        null,
        1,
        1,
        8,
        null,
        null,
        1,
        9,
        null,
        null
      ],
      "/home/tmagent17/Rails_Projects/MyFacultyPages/app/controllers/application_controller.rb": [
        1,
        null,
        null,
        1,
        null,
        1,
        null,
        1,
        null,
        1,
        131,
        32,
        32,
        null,
        null,
        null,
        1,
        21,
        21,
        2,
        2,
        null,
        null,
        null
      ],
      "/home/tmagent17/Rails_Projects/MyFacultyPages/app/controllers/courses_controller.rb": [
        1,
        1,
        1,
        null,
        1,
        2,
        2,
        null,
        null,
        1,
        2,
        null,
        null,
        1,
        5,
        5,
        null,
        5,
        2,
        2,
        null,
        3,
        3,
        null,
        null,
        null,
        1,
        4,
        2,
        2,
        null,
        2,
        2,
        null,
        null,
        null,
        1,
        2,
        2,
        2,
        null,
        null,
        1,
        1,
        8,
        null,
        null,
        1,
        9,
        null,
        null
      ],
      "/home/tmagent17/Rails_Projects/MyFacultyPages/app/controllers/degrees_controller.rb": [
        1,
        1,
        1,
        null,
        1,
        2,
        2,
        null,
        null,
        1,
        2,
        null,
        null,
        1,
        5,
        5,
        null,
        5,
        2,
        2,
        null,
        3,
        3,
        null,
        null,
        null,
        1,
        4,
        2,
        2,
        null,
        2,
        2,
        null,
        null,
        null,
        1,
        2,
        2,
        2,
        null,
        null,
        1,
        null,
        1,
        8,
        null,
        null,
        1,
        9,
        null,
        null
      ],
      "/home/tmagent17/Rails_Projects/MyFacultyPages/app/controllers/employments_controller.rb": [
        1,
        1,
        1,
        null,
        1,
        2,
        2,
        null,
        null,
        1,
        2,
        null,
        null,
        1,
        5,
        5,
        null,
        5,
        2,
        2,
        null,
        3,
        3,
        null,
        null,
        null,
        1,
        4,
        2,
        2,
        null,
        2,
        2,
        null,
        null,
        null,
        1,
        2,
        2,
        2,
        null,
        null,
        1,
        1,
        8,
        null,
        null,
        1,
        9,
        null,
        null
      ],
      "/home/tmagent17/Rails_Projects/MyFacultyPages/app/controllers/faculty_members_controller.rb": [
        1,
        1,
        1,
        1,
        1,
        null,
        1,
        1,
        null,
        null,
        1,
        2,
        null,
        null,
        1,
        2,
        null,
        null,
        1,
        5,
        3,
        3,
        null,
        2,
        2,
        null,
        null,
        null,
        1,
        2,
        2,
        null,
        null,
        1,
        2,
        2,
        null,
        null,
        1,
        2,
        2,
        null,
        null,
        1,
        2,
        2,
        2,
        2,
        2,
        2,
        null,
        null,
        1,
        2,
        null,
        null,
        1,
        null,
        1,
        21,
        null,
        null,
        1,
        21,
        null,
        null,
        null,
        1,
        5,
        null,
        null,
        null
      ],
      "/home/tmagent17/Rails_Projects/MyFacultyPages/app/controllers/publications_controller.rb": [
        1,
        1,
        1,
        null,
        1,
        2,
        2,
        null,
        null,
        1,
        2,
        null,
        null,
        1,
        5,
        5,
        null,
        5,
        2,
        2,
        null,
        3,
        3,
        null,
        null,
        null,
        1,
        4,
        2,
        2,
        null,
        2,
        2,
        null,
        null,
        null,
        1,
        2,
        2,
        2,
        null,
        null,
        1,
        1,
        8,
        null,
        null,
        1,
        9,
        null,
        null
      ],
      "/home/tmagent17/Rails_Projects/MyFacultyPages/app/controllers/researches_controller.rb": [
        1,
        1,
        1,
        null,
        1,
        2,
        2,
        null,
        null,
        1,
        2,
        null,
        null,
        1,
        5,
        5,
        null,
        5,
        2,
        2,
        null,
        3,
        3,
        null,
        null,
        null,
        1,
        4,
        2,
        2,
        null,
        2,
        2,
        null,
        null,
        null,
        1,
        2,
        2,
        2,
        null,
        null,
        1,
        1,
        8,
        null,
        null,
        1,
        9,
        null,
        null
      ],
      "/home/tmagent17/Rails_Projects/MyFacultyPages/app/controllers/sessions_controller.rb": [
        1,
        1,
        3,
        3,
        null,
        null,
        1,
        4,
        4,
        2,
        2,
        2,
        null,
        2,
        2,
        2,
        null,
        null,
        null,
        1,
        2,
        2,
        2,
        null,
        null
      ],
      "/home/tmagent17/Rails_Projects/MyFacultyPages/app/models/award.rb": [
        1,
        1,
        null,
        1,
        null
      ],
      "/home/tmagent17/Rails_Projects/MyFacultyPages/app/models/course.rb": [
        1,
        1,
        null,
        1,
        null
      ],
      "/home/tmagent17/Rails_Projects/MyFacultyPages/app/models/degree.rb": [
        1,
        1,
        1,
        null
      ],
      "/home/tmagent17/Rails_Projects/MyFacultyPages/app/models/employment.rb": [
        1,
        1,
        1,
        null
      ],
      "/home/tmagent17/Rails_Projects/MyFacultyPages/app/models/faculty_member.rb": [
        1,
        1,
        null,
        1,
        1,
        1,
        null,
        1,
        1,
        1,
        1,
        1,
        1,
        null,
        1,
        null,
        1,
        302,
        null,
        null,
        1,
        706,
        null,
        null,
        1,
        null,
        1,
        198,
        null,
        null
      ],
      "/home/tmagent17/Rails_Projects/MyFacultyPages/app/models/publication.rb": [
        1,
        1,
        1,
        null
      ],
      "/home/tmagent17/Rails_Projects/MyFacultyPages/app/models/research.rb": [
        1,
        1,
        1,
        null
      ]
    },
    "timestamp": 1375761919
  }
}
